<?xml version="1.0" encoding="UTF-8"?>
<!-- Generated by org.testng.reporters.JUnitReportReporter -->
<testsuite skipped="0" hostname="nigaras-MacBook-Pro.local" name="come.prestashop.tests.login.PositiveSignInTests" tests="1" failures="0" timestamp="01 Jul 2017 15:48:56 GMT" time="16.766" errors="0">
  <testcase name="rightCredentialsTest" time="16.766" classname="come.prestashop.tests.login.PositiveSignInTests"/>
</testsuite> <!-- come.prestashop.tests.login.PositiveSignInTests -->
