<?xml version="1.0" encoding="UTF-8"?>
<!-- Generated by org.testng.reporters.JUnitReportReporter -->
<testsuite skipped="0" hostname="nigaras-MacBook-Pro.local" name="come.prestashop.tests.user_account.SimpleUserAccountTest" tests="1" failures="0" timestamp="01 Jul 2017 18:45:06 GMT" time="11.731" errors="0">
  <testcase name="rightCredentialsTest" time="11.731" classname="come.prestashop.tests.user_account.SimpleUserAccountTest"/>
</testsuite> <!-- come.prestashop.tests.user_account.SimpleUserAccountTest -->
