<?xml version="1.0" encoding="UTF-8"?>
<!-- Generated by org.testng.reporters.JUnitReportReporter -->
<testsuite skipped="0" hostname="nigaras-MacBook-Pro.local" name="come.prestashop.tests.checkout.SimpleCheckOutTest" tests="1" failures="0" timestamp="01 Jul 2017 16:57:26 GMT" time="7.872" errors="0">
  <testcase name="simpleCheckOutTest" time="7.872" classname="come.prestashop.tests.checkout.SimpleCheckOutTest"/>
</testsuite> <!-- come.prestashop.tests.checkout.SimpleCheckOutTest -->
