<?xml version="1.0" encoding="UTF-8"?>
<!-- Generated by org.testng.reporters.JUnitReportReporter -->
<testsuite skipped="0" hostname="nigaras-MacBook-Pro.local" name="com.prestashop.tests.checkout.SimpleCheckOutTest" tests="1" failures="0" timestamp="01 Jul 2017 18:48:19 GMT" time="20.819" errors="0">
  <testcase name="simpleCheckOutTest" time="20.819" classname="com.prestashop.tests.checkout.SimpleCheckOutTest"/>
</testsuite> <!-- com.prestashop.tests.checkout.SimpleCheckOutTest -->
