<?xml version="1.0" encoding="UTF-8"?>
<!-- Generated by org.testng.reporters.JUnitReportReporter -->
<testsuite skipped="0" hostname="Nigaras-MacBook-Pro.local" name="com.prestashop.tests.login.PositiveSignInTests" tests="2" failures="0" timestamp="21 Sep 2017 19:56:18 GMT" time="15.141" errors="0">
  <testcase name="rightCredentialsTest" time="8.126" classname="com.prestashop.tests.login.PositiveSignInTests"/>
  <testcase name="rightCredentialsTest" time="7.015" classname="com.prestashop.tests.login.PositiveSignInTests"/>
</testsuite> <!-- com.prestashop.tests.login.PositiveSignInTests -->
