<?xml version="1.0" encoding="UTF-8"?>
<!-- Generated by org.testng.reporters.JUnitReportReporter -->
<testsuite skipped="0" hostname="Nigaras-MacBook-Pro.local" name="com.prestashop.tests.user_account.SimpleUserAccountTest" tests="2" failures="0" timestamp="21 Sep 2017 19:56:13 GMT" time="14.901" errors="0">
  <testcase name="rightCredentialsTest" time="6.973" classname="com.prestashop.tests.user_account.SimpleUserAccountTest"/>
  <testcase name="rightCredentialsTest" time="7.928" classname="com.prestashop.tests.user_account.SimpleUserAccountTest"/>
</testsuite> <!-- com.prestashop.tests.user_account.SimpleUserAccountTest -->
